2016-10-17 13:03	[-] Error occur @initialize_pages
2016-10-17 13:03	[-] Error is [Errno 2] No such file or directory: '/Users/kentzhu/Workspace/coupang-auto-android/View/element.xml'
2016-10-17 13:03	[-] Error occur @select_category_tab
2016-10-17 13:03	[-] Error is [Errno 2] No such file or directory: '/Users/kentzhu/Workspace/coupang-auto-android/View/element.xml'
2016-10-17 13:03	[-] Error occur @select_global_product_category
2016-10-17 13:03	[-] Error is [Errno 2] No such file or directory: '/Users/kentzhu/Workspace/coupang-auto-android/View/element.xml'
2016-10-17 13:03	[-] Error occur @select_sdp_item
2016-10-17 13:03	[-] Error is [Errno 2] No such file or directory: '/Users/kentzhu/Workspace/coupang-auto-android/View/element.xml'
2016-10-17 13:03	[-] Error occur @get_product_price
2016-10-17 13:03	[-] Error is [Errno 2] No such file or directory: '/Users/kentzhu/Workspace/coupang-auto-android/View/element.xml'
2016-10-17 13:03	[-] Error occur @get_product_title
2016-10-17 13:03	[-] Error is [Errno 2] No such file or directory: '/Users/kentzhu/Workspace/coupang-auto-android/View/element.xml'
2016-10-17 13:03	[-] Error occur @get_Ids
2016-10-17 13:03	[-] Error is [Errno 2] No such file or directory: '/Users/kentzhu/Workspace/coupang-auto-android/View/element.xml'
2016-10-17 13:03	[-] Error occur @initialize_pages
2016-10-17 13:03	[-] Error is [Errno 2] No such file or directory: '/Users/kentzhu/Workspace/coupang-auto-android/View/element.xml'
2016-10-17 13:03	[-] Error occur @select_category_tab
2016-10-17 13:03	[-] Error is [Errno 2] No such file or directory: '/Users/kentzhu/Workspace/coupang-auto-android/View/element.xml'
2016-10-17 13:03	[-] Error occur @select_global_product_category
2016-10-17 13:03	[-] Error is [Errno 2] No such file or directory: '/Users/kentzhu/Workspace/coupang-auto-android/View/element.xml'
2016-10-17 13:03	[-] Error occur @select_sdp_item
2016-10-17 13:03	[-] Error is [Errno 2] No such file or directory: '/Users/kentzhu/Workspace/coupang-auto-android/View/element.xml'
2016-10-17 13:03	[-] Error occur @select_an_option
2016-10-17 13:03	[-] Error is [Errno 2] No such file or directory: '/Users/kentzhu/Workspace/coupang-auto-android/View/element.xml'
2016-10-17 13:03	[-] Error occur @get_product_price
2016-10-17 13:03	[-] Error is [Errno 2] No such file or directory: '/Users/kentzhu/Workspace/coupang-auto-android/View/element.xml'
2016-10-17 13:03	[-] Error occur @get_product_title
2016-10-17 13:03	[-] Error is [Errno 2] No such file or directory: '/Users/kentzhu/Workspace/coupang-auto-android/View/element.xml'
2016-10-17 13:03	[-] Error occur @get_Ids
2016-10-17 13:03	[-] Error is [Errno 2] No such file or directory: '/Users/kentzhu/Workspace/coupang-auto-android/View/element.xml'
2016-10-17 13:03	[-] Error occur @initialize_pages
2016-10-17 13:03	[-] Error is [Errno 2] No such file or directory: '/Users/kentzhu/Workspace/coupang-auto-android/View/element.xml'
2016-10-17 13:03	[-] Error occur @select_category_tab
2016-10-17 13:03	[-] Error is [Errno 2] No such file or directory: '/Users/kentzhu/Workspace/coupang-auto-android/View/element.xml'
2016-10-17 13:03	[-] Error occur @select_global_product_category
2016-10-17 13:03	[-] Error is [Errno 2] No such file or directory: '/Users/kentzhu/Workspace/coupang-auto-android/View/element.xml'
2016-10-17 13:03	[-] Error occur @select_sdp_item
2016-10-17 13:03	[-] Error is [Errno 2] No such file or directory: '/Users/kentzhu/Workspace/coupang-auto-android/View/element.xml'
2016-10-17 13:03	[-] Error occur @select_an_option
2016-10-17 13:03	[-] Error is [Errno 2] No such file or directory: '/Users/kentzhu/Workspace/coupang-auto-android/View/element.xml'
2016-10-17 13:03	[-] Error occur @get_product_price
2016-10-17 13:03	[-] Error is [Errno 2] No such file or directory: '/Users/kentzhu/Workspace/coupang-auto-android/View/element.xml'
2016-10-17 13:03	[-] Error occur @back_to_home
2016-10-17 13:03	[-] Error is [Errno 2] No such file or directory: '/Users/kentzhu/Workspace/coupang-auto-android/View/element.xml'
2016-10-17 13:03	[-] Error occur @initialize_pages
2016-10-17 13:03	[-] Error is [Errno 2] No such file or directory: '/Users/kentzhu/Workspace/coupang-auto-android/View/element.xml'
2016-10-17 13:03	[-] Error occur @select_category_tab
2016-10-17 13:03	[-] Error is [Errno 2] No such file or directory: '/Users/kentzhu/Workspace/coupang-auto-android/View/element.xml'
2016-10-17 13:03	[-] Error occur @select_global_product_category
2016-10-17 13:03	[-] Error is [Errno 2] No such file or directory: '/Users/kentzhu/Workspace/coupang-auto-android/View/element.xml'
2016-10-17 13:03	[-] Error occur @select_sdp_item
2016-10-17 13:03	[-] Error is [Errno 2] No such file or directory: '/Users/kentzhu/Workspace/coupang-auto-android/View/element.xml'
2016-10-17 13:03	[-] Error occur @get_share_item
2016-10-17 13:03	[-] Error is [Errno 2] No such file or directory: '/Users/kentzhu/Workspace/coupang-auto-android/View/element.xml'
2016-10-17 13:03	[-] Error occur @initialize_pages
2016-10-17 13:03	[-] Error is [Errno 2] No such file or directory: '/Users/kentzhu/Workspace/coupang-auto-android/View/element.xml'
2016-10-17 13:03	[-] Error occur @initialize_pages
2016-10-17 13:03	[-] Error is [Errno 2] No such file or directory: '/Users/kentzhu/Workspace/coupang-auto-android/View/element.xml'
2016-10-17 13:04	[-] Error occur @select_home_tab
2016-10-17 13:04	[-] Error is [Errno 2] No such file or directory: '/Users/kentzhu/Workspace/coupang-auto-android/View/element.xml'
2016-10-17 13:04	[-] Error occur @select_search_product
2016-10-17 13:04	[-] Error is [Errno 2] No such file or directory: '/Users/kentzhu/Workspace/coupang-auto-android/View/element.xml'
2016-10-17 13:04	[-] Error occur @get_clp_srp
2016-10-17 13:04	[-] Error is [Errno 2] No such file or directory: '/Users/kentzhu/Workspace/coupang-auto-android/View/element.xml'
2016-10-17 13:04	[-] Error occur @initialize_pages
2016-10-17 13:04	[-] Error is [Errno 2] No such file or directory: '/Users/kentzhu/Workspace/coupang-auto-android/View/element.xml'
2016-10-17 13:03	<-----------Running in class GlobalDeliveryTests-------------->
2016-10-17 13:03	<-----------End running class GlobalDeliveryTests-------------->
2016-10-17 13:03	<-----------Running in class SearchTests-------------->
2016-10-17 13:04	[-] Error occur @initialize_pages
2016-10-17 13:04	[-] Error is [Errno 2] No such file or directory: '/Users/kentzhu/Workspace/coupang-auto-android/View/element.xml'
2016-10-17 13:04	[-] Error occur @select_category_tab
2016-10-17 13:04	[-] Error is [Errno 2] No such file or directory: '/Users/kentzhu/Workspace/coupang-auto-android/View/element.xml'
2016-10-17 13:04	[-] Error occur @select_global_product_category
2016-10-17 13:04	[-] Error is [Errno 2] No such file or directory: '/Users/kentzhu/Workspace/coupang-auto-android/View/element.xml'
2016-10-17 13:04	[-] Error occur @select_sdp_item
2016-10-17 13:04	[-] Error is [Errno 2] No such file or directory: '/Users/kentzhu/Workspace/coupang-auto-android/View/element.xml'
2016-10-17 13:04	[-] Error occur @get_product_price
2016-10-17 13:04	[-] Error is [Errno 2] No such file or directory: '/Users/kentzhu/Workspace/coupang-auto-android/View/element.xml'
2016-10-17 13:04	[-] Error occur @get_product_title
2016-10-17 13:04	[-] Error is [Errno 2] No such file or directory: '/Users/kentzhu/Workspace/coupang-auto-android/View/element.xml'
2016-10-17 13:04	[-] Error occur @get_Ids
2016-10-17 13:04	[-] Error is [Errno 2] No such file or directory: '/Users/kentzhu/Workspace/coupang-auto-android/View/element.xml'
2016-10-17 13:04	[-] Error occur @initialize_pages
2016-10-17 13:04	[-] Error is [Errno 2] No such file or directory: '/Users/kentzhu/Workspace/coupang-auto-android/View/element.xml'
2016-10-17 13:04	[-] Error occur @select_category_tab
2016-10-17 13:04	[-] Error is [Errno 2] No such file or directory: '/Users/kentzhu/Workspace/coupang-auto-android/View/element.xml'
2016-10-17 13:04	[-] Error occur @select_global_product_category
2016-10-17 13:04	[-] Error is [Errno 2] No such file or directory: '/Users/kentzhu/Workspace/coupang-auto-android/View/element.xml'
2016-10-17 13:04	[-] Error occur @select_sdp_item
2016-10-17 13:04	[-] Error is [Errno 2] No such file or directory: '/Users/kentzhu/Workspace/coupang-auto-android/View/element.xml'
2016-10-17 13:04	[-] Error occur @select_an_option
2016-10-17 13:04	[-] Error is [Errno 2] No such file or directory: '/Users/kentzhu/Workspace/coupang-auto-android/View/element.xml'
2016-10-17 13:04	[-] Error occur @get_product_price
2016-10-17 13:04	[-] Error is [Errno 2] No such file or directory: '/Users/kentzhu/Workspace/coupang-auto-android/View/element.xml'
2016-10-17 13:04	[-] Error occur @get_product_title
2016-10-17 13:04	[-] Error is [Errno 2] No such file or directory: '/Users/kentzhu/Workspace/coupang-auto-android/View/element.xml'
2016-10-17 13:04	[-] Error occur @get_Ids
2016-10-17 13:04	[-] Error is [Errno 2] No such file or directory: '/Users/kentzhu/Workspace/coupang-auto-android/View/element.xml'
2016-10-17 13:04	[-] Error occur @initialize_pages
2016-10-17 13:04	[-] Error is [Errno 2] No such file or directory: '/Users/kentzhu/Workspace/coupang-auto-android/View/element.xml'
2016-10-17 13:04	[-] Error occur @select_category_tab
2016-10-17 13:04	[-] Error is [Errno 2] No such file or directory: '/Users/kentzhu/Workspace/coupang-auto-android/View/element.xml'
2016-10-17 13:04	[-] Error occur @select_global_product_category
2016-10-17 13:04	[-] Error is [Errno 2] No such file or directory: '/Users/kentzhu/Workspace/coupang-auto-android/View/element.xml'
2016-10-17 13:04	[-] Error occur @select_sdp_item
2016-10-17 13:04	[-] Error is [Errno 2] No such file or directory: '/Users/kentzhu/Workspace/coupang-auto-android/View/element.xml'
2016-10-17 13:04	[-] Error occur @select_an_option
2016-10-17 13:04	[-] Error is [Errno 2] No such file or directory: '/Users/kentzhu/Workspace/coupang-auto-android/View/element.xml'
2016-10-17 13:04	[-] Error occur @get_product_price
2016-10-17 13:04	[-] Error is [Errno 2] No such file or directory: '/Users/kentzhu/Workspace/coupang-auto-android/View/element.xml'
2016-10-17 13:04	[-] Error occur @back_to_home
2016-10-17 13:04	[-] Error is [Errno 2] No such file or directory: '/Users/kentzhu/Workspace/coupang-auto-android/View/element.xml'
2016-10-17 13:04	[-] Error occur @initialize_pages
2016-10-17 13:04	[-] Error is [Errno 2] No such file or directory: '/Users/kentzhu/Workspace/coupang-auto-android/View/element.xml'
2016-10-17 13:04	[-] Error occur @select_category_tab
2016-10-17 13:04	[-] Error is [Errno 2] No such file or directory: '/Users/kentzhu/Workspace/coupang-auto-android/View/element.xml'
2016-10-17 13:04	[-] Error occur @select_global_product_category
2016-10-17 13:04	[-] Error is [Errno 2] No such file or directory: '/Users/kentzhu/Workspace/coupang-auto-android/View/element.xml'
2016-10-17 13:04	[-] Error occur @select_sdp_item
2016-10-17 13:04	[-] Error is [Errno 2] No such file or directory: '/Users/kentzhu/Workspace/coupang-auto-android/View/element.xml'
2016-10-17 13:04	[-] Error occur @get_share_item
2016-10-17 13:04	[-] Error is [Errno 2] No such file or directory: '/Users/kentzhu/Workspace/coupang-auto-android/View/element.xml'
2016-10-17 13:04	[-] Error occur @initialize_pages
2016-10-17 13:04	[-] Error is [Errno 2] No such file or directory: '/Users/kentzhu/Workspace/coupang-auto-android/View/element.xml'
2016-10-17 13:05	[-] Error occur @initialize_pages
2016-10-17 13:05	[-] Error is [Errno 2] No such file or directory: '/Users/kentzhu/Workspace/coupang-auto-android/View/element.xml'
2016-10-17 13:04	<-----------Running in class GlobalDeliveryTests-------------->
2016-10-17 13:04	<-----------End running class GlobalDeliveryTests-------------->
2016-10-17 13:04	<-----------Running in class SearchTests-------------->
2016-10-17 13:11	[-] Error occur @initialize_pages
2016-10-17 13:11	[-] Error is [Errno 2] No such file or directory: '/Users/kentzhu/Workspace/coupang-auto-android/View/element.xml'
2016-10-17 13:11	[-] Error occur @select_category_tab
2016-10-17 13:11	[-] Error is [Errno 2] No such file or directory: '/Users/kentzhu/Workspace/coupang-auto-android/View/element.xml'
2016-10-17 13:11	[-] Error occur @select_global_product_category
2016-10-17 13:11	[-] Error is [Errno 2] No such file or directory: '/Users/kentzhu/Workspace/coupang-auto-android/View/element.xml'
2016-10-17 13:11	[-] Error occur @select_sdp_item
2016-10-17 13:11	[-] Error is [Errno 2] No such file or directory: '/Users/kentzhu/Workspace/coupang-auto-android/View/element.xml'
2016-10-17 13:11	[-] Error occur @get_product_price
2016-10-17 13:11	[-] Error is [Errno 2] No such file or directory: '/Users/kentzhu/Workspace/coupang-auto-android/View/element.xml'
2016-10-17 13:11	[-] Error occur @get_product_title
2016-10-17 13:11	[-] Error is [Errno 2] No such file or directory: '/Users/kentzhu/Workspace/coupang-auto-android/View/element.xml'
2016-10-17 13:11	[-] Error occur @get_Ids
2016-10-17 13:11	[-] Error is [Errno 2] No such file or directory: '/Users/kentzhu/Workspace/coupang-auto-android/View/element.xml'
2016-10-17 13:11	[-] Error occur @initialize_pages
2016-10-17 13:11	[-] Error is [Errno 2] No such file or directory: '/Users/kentzhu/Workspace/coupang-auto-android/View/element.xml'
2016-10-17 13:11	[-] Error occur @select_category_tab
2016-10-17 13:11	[-] Error is [Errno 2] No such file or directory: '/Users/kentzhu/Workspace/coupang-auto-android/View/element.xml'
2016-10-17 13:11	[-] Error occur @select_global_product_category
2016-10-17 13:11	[-] Error is [Errno 2] No such file or directory: '/Users/kentzhu/Workspace/coupang-auto-android/View/element.xml'
2016-10-17 13:11	[-] Error occur @select_sdp_item
2016-10-17 13:11	[-] Error is [Errno 2] No such file or directory: '/Users/kentzhu/Workspace/coupang-auto-android/View/element.xml'
2016-10-17 13:11	[-] Error occur @select_an_option
2016-10-17 13:11	[-] Error is [Errno 2] No such file or directory: '/Users/kentzhu/Workspace/coupang-auto-android/View/element.xml'
2016-10-17 13:11	[-] Error occur @get_product_price
2016-10-17 13:11	[-] Error is [Errno 2] No such file or directory: '/Users/kentzhu/Workspace/coupang-auto-android/View/element.xml'
2016-10-17 13:11	[-] Error occur @get_product_title
2016-10-17 13:11	[-] Error is [Errno 2] No such file or directory: '/Users/kentzhu/Workspace/coupang-auto-android/View/element.xml'
2016-10-17 13:11	[-] Error occur @get_Ids
2016-10-17 13:11	[-] Error is [Errno 2] No such file or directory: '/Users/kentzhu/Workspace/coupang-auto-android/View/element.xml'
2016-10-17 13:11	[-] Error occur @initialize_pages
2016-10-17 13:11	[-] Error is [Errno 2] No such file or directory: '/Users/kentzhu/Workspace/coupang-auto-android/View/element.xml'
2016-10-17 13:11	[-] Error occur @select_category_tab
2016-10-17 13:11	[-] Error is [Errno 2] No such file or directory: '/Users/kentzhu/Workspace/coupang-auto-android/View/element.xml'
2016-10-17 13:11	[-] Error occur @select_global_product_category
2016-10-17 13:11	[-] Error is [Errno 2] No such file or directory: '/Users/kentzhu/Workspace/coupang-auto-android/View/element.xml'
2016-10-17 13:11	[-] Error occur @select_sdp_item
2016-10-17 13:11	[-] Error is [Errno 2] No such file or directory: '/Users/kentzhu/Workspace/coupang-auto-android/View/element.xml'
2016-10-17 13:11	[-] Error occur @select_an_option
2016-10-17 13:11	[-] Error is [Errno 2] No such file or directory: '/Users/kentzhu/Workspace/coupang-auto-android/View/element.xml'
2016-10-17 13:11	[-] Error occur @get_product_price
2016-10-17 13:11	[-] Error is [Errno 2] No such file or directory: '/Users/kentzhu/Workspace/coupang-auto-android/View/element.xml'
2016-10-17 13:11	[-] Error occur @back_to_home
2016-10-17 13:11	[-] Error is [Errno 2] No such file or directory: '/Users/kentzhu/Workspace/coupang-auto-android/View/element.xml'
2016-10-17 13:11	[-] Error occur @initialize_pages
2016-10-17 13:11	[-] Error is [Errno 2] No such file or directory: '/Users/kentzhu/Workspace/coupang-auto-android/View/element.xml'
2016-10-17 13:11	[-] Error occur @select_category_tab
2016-10-17 13:11	[-] Error is [Errno 2] No such file or directory: '/Users/kentzhu/Workspace/coupang-auto-android/View/element.xml'
2016-10-17 13:11	[-] Error occur @select_global_product_category
2016-10-17 13:11	[-] Error is [Errno 2] No such file or directory: '/Users/kentzhu/Workspace/coupang-auto-android/View/element.xml'
2016-10-17 13:11	[-] Error occur @select_sdp_item
2016-10-17 13:11	[-] Error is [Errno 2] No such file or directory: '/Users/kentzhu/Workspace/coupang-auto-android/View/element.xml'
2016-10-17 13:11	[-] Error occur @get_share_item
2016-10-17 13:11	[-] Error is [Errno 2] No such file or directory: '/Users/kentzhu/Workspace/coupang-auto-android/View/element.xml'
2016-10-17 13:11	[-] Error occur @initialize_pages
2016-10-17 13:11	[-] Error is [Errno 2] No such file or directory: '/Users/kentzhu/Workspace/coupang-auto-android/View/element.xml'
2016-10-17 13:11	[-] Error occur @initialize_pages
2016-10-17 13:11	[-] Error is [Errno 2] No such file or directory: '/Users/kentzhu/Workspace/coupang-auto-android/View/element.xml'
2016-10-17 13:11	[-] Error occur @select_home_tab
2016-10-17 13:11	[-] Error is [Errno 2] No such file or directory: '/Users/kentzhu/Workspace/coupang-auto-android/View/element.xml'
2016-10-17 13:11	[-] Error occur @select_search_product
2016-10-17 13:11	[-] Error is [Errno 2] No such file or directory: '/Users/kentzhu/Workspace/coupang-auto-android/View/element.xml'
2016-10-17 13:11	[-] Error occur @get_clp_srp
2016-10-17 13:11	[-] Error is [Errno 2] No such file or directory: '/Users/kentzhu/Workspace/coupang-auto-android/View/element.xml'
2016-10-17 13:11	[-] Error occur @initialize_pages
2016-10-17 13:11	[-] Error is [Errno 2] No such file or directory: '/Users/kentzhu/Workspace/coupang-auto-android/View/element.xml'
2016-10-17 13:11	[-] Error occur @initialize_pages
2016-10-17 13:11	[-] Error is [Errno 2] No such file or directory: '/Users/kentzhu/Workspace/coupang-auto-android/View/element.xml'
2016-10-17 13:11	[-] Error occur @select_home_tab
2016-10-17 13:11	[-] Error is [Errno 2] No such file or directory: '/Users/kentzhu/Workspace/coupang-auto-android/View/element.xml'
2016-10-17 13:11	[-] Error occur @select_search_product
2016-10-17 13:11	[-] Error is [Errno 2] No such file or directory: '/Users/kentzhu/Workspace/coupang-auto-android/View/element.xml'
2016-10-17 13:11	[-] Error occur @select_sdp_item_srp
2016-10-17 13:11	[-] Error is [Errno 2] No such file or directory: '/Users/kentzhu/Workspace/coupang-auto-android/View/element.xml'
2016-10-17 13:12	[-] Error occur @get_product_title
2016-10-17 13:12	[-] Error is [Errno 2] No such file or directory: '/Users/kentzhu/Workspace/coupang-auto-android/View/element.xml'
2016-10-17 13:11	<-----------Running in class GlobalDeliveryTests-------------->
2016-10-17 13:11	<-----------End running class GlobalDeliveryTests-------------->
2016-10-17 13:11	<-----------Running in class SearchTests-------------->
2016-10-17 13:23	<-----------Running in class GlobalDeliveryTests-------------->
2016-10-17 13:24	<-----------Running in class GlobalDeliveryTests-------------->
2016-10-17 13:27	[-] Error occur @get_Ids
2016-10-17 13:27	[-] Error is Could not find IDs element after swipe 5 times!
2016-10-17 13:28	[-] Error occur @get_Ids
2016-10-17 13:28	[-] Error is Could not find IDs element after swipe 5 times!
2016-10-17 13:27	<-----------Running in class GlobalDeliveryTests-------------->
2016-10-17 16:21	[-] Error occur @get_search_results
2016-10-17 16:21	[-] Error is 'NoneType' object is not iterable
2016-10-17 16:20	<-----------Running in class SearchTests-------------->
2016-10-17 16:39	<-----------Running in class SearchTests-------------->
2016-10-17 16:41	<-----------Running in class SearchTests-------------->
2016-10-17 16:42	<-----------Running in class SearchTests-------------->
2016-10-17 16:47	<-----------Running in class SearchTests-------------->
2016-10-17 16:54	[-] Error occur @get_search_results
2016-10-17 16:54	[-] Error is No Such Product Found
2016-10-17 16:55	[-] Error occur @get_search_results
2016-10-17 16:55	[-] Error is No Such Product Found
2016-10-17 16:57	[-] Error occur @get_search_results
2016-10-17 16:57	[-] Error is local variable 'sdps' referenced before assignment
2016-10-17 16:57	[-] Error occur @get_search_results
2016-10-17 16:57	[-] Error is local variable 'sdps' referenced before assignment
2016-10-17 16:57	[-] Error occur @get_search_results
2016-10-17 16:57	[-] Error is local variable 'sdps' referenced before assignment
2016-10-17 16:50	<-----------Running in class SearchTests-------------->
2016-10-17 16:58	<-----------End running class SearchTests-------------->
2016-10-17 17:08	[-] Error occur @get_search_results
2016-10-17 17:08	[-] Error is local variable 'sdps' referenced before assignment
2016-10-17 17:05	<-----------Running in class SearchTests-------------->
2016-10-17 17:09	<-----------End running class SearchTests-------------->
